2026-04-06 14:23:37 [cluster-ClusterId{value='69d369f93fe2c97677c1d13e', description='MongoDBCluster'}-ac-qrgk6ht-shard-00-02.0qemy0z.mongodb.net:27017] INFO  org.mongodb.driver.cluster - Exception in monitor thread while connecting to server ac-qrgk6ht-shard-00-02.0qemy0z.mongodb.net:27017
com.mongodb.MongoSocketReadTimeoutException: Timeout while receiving message
	at com.mongodb.internal.connection.InternalStreamConnection.createReadTimeoutException(InternalStreamConnection.java:824)
	at com.mongodb.internal.connection.InternalStreamConnection.translateReadException(InternalStreamConnection.java:812)
	at com.mongodb.internal.connection.InternalStreamConnection.receiveResponseBuffers(InternalStreamConnection.java:862)
	at com.mongodb.internal.connection.InternalStreamConnection.receiveCommandMessageResponse(InternalStreamConnection.java:517)
	at com.mongodb.internal.connection.InternalStreamConnection.receive(InternalStreamConnection.java:469)
	at com.mongodb.internal.connection.DefaultServerMonitor$ServerMonitor.lookupServerDescription(DefaultServerMonitor.java:249)
	at com.mongodb.internal.connection.DefaultServerMonitor$ServerMonitor.run(DefaultServerMonitor.java:176)
Caused by: java.net.SocketTimeoutException: Read timed out
	at java.base/sun.nio.ch.NioSocketImpl.timedRead(NioSocketImpl.java:288)
	at java.base/sun.nio.ch.NioSocketImpl.implRead(NioSocketImpl.java:314)
	at java.base/sun.nio.ch.NioSocketImpl.read(NioSocketImpl.java:355)
	at java.base/sun.nio.ch.NioSocketImpl$1.read(NioSocketImpl.java:808)
	at java.base/java.net.Socket$SocketInputStream.read(Socket.java:976)
	at java.base/sun.security.ssl.SSLSocketInputRecord.read(SSLSocketInputRecord.java:484)
	at java.base/sun.security.ssl.SSLSocketInputRecord.readHeader(SSLSocketInputRecord.java:478)
	at java.base/sun.security.ssl.SSLSocketInputRecord.bytesInCompletePacket(SSLSocketInputRecord.java:70)
	at java.base/sun.security.ssl.SSLSocketImpl.readApplicationRecord(SSLSocketImpl.java:1465)
	at java.base/sun.security.ssl.SSLSocketImpl$AppInputStream.read(SSLSocketImpl.java:1069)
	at com.mongodb.internal.connection.SocketStream.read(SocketStream.java:182)
	at com.mongodb.internal.connection.InternalStreamConnection.receiveResponseBuffers(InternalStreamConnection.java:829)
	... 4 common frames omitted
2026-04-06 14:23:37 [cluster-ClusterId{value='69d369f93fe2c97677c1d13e', description='MongoDBCluster'}-ac-qrgk6ht-shard-00-00.0qemy0z.mongodb.net:27017] INFO  org.mongodb.driver.cluster - Exception in monitor thread while connecting to server ac-qrgk6ht-shard-00-00.0qemy0z.mongodb.net:27017
com.mongodb.MongoSocketReadTimeoutException: Timeout while receiving message
	at com.mongodb.internal.connection.InternalStreamConnection.createReadTimeoutException(InternalStreamConnection.java:824)
	at com.mongodb.internal.connection.InternalStreamConnection.translateReadException(InternalStreamConnection.java:812)
	at com.mongodb.internal.connection.InternalStreamConnection.receiveResponseBuffers(InternalStreamConnection.java:862)
	at com.mongodb.internal.connection.InternalStreamConnection.receiveCommandMessageResponse(InternalStreamConnection.java:517)
	at com.mongodb.internal.connection.InternalStreamConnection.receive(InternalStreamConnection.java:469)
	at com.mongodb.internal.connection.DefaultServerMonitor$ServerMonitor.lookupServerDescription(DefaultServerMonitor.java:249)
	at com.mongodb.internal.connection.DefaultServerMonitor$ServerMonitor.run(DefaultServerMonitor.java:176)
Caused by: java.net.SocketTimeoutException: Read timed out
	at java.base/sun.nio.ch.NioSocketImpl.timedRead(NioSocketImpl.java:288)
	at java.base/sun.nio.ch.NioSocketImpl.implRead(NioSocketImpl.java:314)
	at java.base/sun.nio.ch.NioSocketImpl.read(NioSocketImpl.java:355)
	at java.base/sun.nio.ch.NioSocketImpl$1.read(NioSocketImpl.java:808)
	at java.base/java.net.Socket$SocketInputStream.read(Socket.java:976)
	at java.base/sun.security.ssl.SSLSocketInputRecord.read(SSLSocketInputRecord.java:484)
	at java.base/sun.security.ssl.SSLSocketInputRecord.readHeader(SSLSocketInputRecord.java:478)
	at java.base/sun.security.ssl.SSLSocketInputRecord.bytesInCompletePacket(SSLSocketInputRecord.java:70)
	at java.base/sun.security.ssl.SSLSocketImpl.readApplicationRecord(SSLSocketImpl.java:1465)
	at java.base/sun.security.ssl.SSLSocketImpl$AppInputStream.read(SSLSocketImpl.java:1069)
	at com.mongodb.internal.connection.SocketStream.read(SocketStream.java:182)
	at com.mongodb.internal.connection.InternalStreamConnection.receiveResponseBuffers(InternalStreamConnection.java:829)
	... 4 common frames omitted
2026-04-06 14:23:37 [cluster-ClusterId{value='69d369f93fe2c97677c1d13e', description='MongoDBCluster'}-ac-qrgk6ht-shard-00-01.0qemy0z.mongodb.net:27017] INFO  org.mongodb.driver.cluster - Exception in monitor thread while connecting to server ac-qrgk6ht-shard-00-01.0qemy0z.mongodb.net:27017
com.mongodb.MongoSocketReadTimeoutException: Timeout while receiving message
	at com.mongodb.internal.connection.InternalStreamConnection.createReadTimeoutException(InternalStreamConnection.java:824)
	at com.mongodb.internal.connection.InternalStreamConnection.translateReadException(InternalStreamConnection.java:812)
	at com.mongodb.internal.connection.InternalStreamConnection.receiveResponseBuffers(InternalStreamConnection.java:862)
	at com.mongodb.internal.connection.InternalStreamConnection.receiveCommandMessageResponse(InternalStreamConnection.java:517)
	at com.mongodb.internal.connection.InternalStreamConnection.receive(InternalStreamConnection.java:469)
	at com.mongodb.internal.connection.DefaultServerMonitor$ServerMonitor.lookupServerDescription(DefaultServerMonitor.java:249)
	at com.mongodb.internal.connection.DefaultServerMonitor$ServerMonitor.run(DefaultServerMonitor.java:176)
Caused by: java.net.SocketTimeoutException: Read timed out
	at java.base/sun.nio.ch.NioSocketImpl.timedRead(NioSocketImpl.java:288)
	at java.base/sun.nio.ch.NioSocketImpl.implRead(NioSocketImpl.java:314)
	at java.base/sun.nio.ch.NioSocketImpl.read(NioSocketImpl.java:355)
	at java.base/sun.nio.ch.NioSocketImpl$1.read(NioSocketImpl.java:808)
	at java.base/java.net.Socket$SocketInputStream.read(Socket.java:976)
	at java.base/sun.security.ssl.SSLSocketInputRecord.read(SSLSocketInputRecord.java:484)
	at java.base/sun.security.ssl.SSLSocketInputRecord.readHeader(SSLSocketInputRecord.java:478)
	at java.base/sun.security.ssl.SSLSocketInputRecord.bytesInCompletePacket(SSLSocketInputRecord.java:70)
	at java.base/sun.security.ssl.SSLSocketImpl.readApplicationRecord(SSLSocketImpl.java:1465)
	at java.base/sun.security.ssl.SSLSocketImpl$AppInputStream.read(SSLSocketImpl.java:1069)
	at com.mongodb.internal.connection.SocketStream.read(SocketStream.java:182)
	at com.mongodb.internal.connection.InternalStreamConnection.receiveResponseBuffers(InternalStreamConnection.java:829)
	... 4 common frames omitted
2026-04-06 14:23:37 [cluster-ClusterId{value='69d369f93fe2c97677c1d13e', description='MongoDBCluster'}-ac-qrgk6ht-shard-00-01.0qemy0z.mongodb.net:27017] INFO  org.mongodb.driver.cluster - Monitor thread successfully connected to server with description ServerDescription{address=ac-qrgk6ht-shard-00-01.0qemy0z.mongodb.net:27017, type=REPLICA_SET_SECONDARY, cryptd=false, state=CONNECTED, ok=true, minWireVersion=0, maxWireVersion=25, maxDocumentSize=16777216, logicalSessionTimeoutMinutes=30, roundTripTimeNanos=57156000, minRoundTripTimeNanos=0, setName='atlas-a5sk29-shard-0', canonicalAddress=ac-qrgk6ht-shard-00-01.0qemy0z.mongodb.net:27017, hosts=[ac-qrgk6ht-shard-00-02.0qemy0z.mongodb.net:27017, ac-qrgk6ht-shard-00-01.0qemy0z.mongodb.net:27017, ac-qrgk6ht-shard-00-00.0qemy0z.mongodb.net:27017], passives=[], arbiters=[], primary='ac-qrgk6ht-shard-00-02.0qemy0z.mongodb.net:27017', tagSet=TagSet{[Tag{name='availabilityZone', value='aps1-az3'}, Tag{name='diskState', value='READY'}, Tag{name='nodeType', value='ELECTABLE'}, Tag{name='provider', value='AWS'}, Tag{name='region', value='AP_SOUTH_1'}, Tag{name='workloadType', value='OPERATIONAL'}]}, electionId=null, setVersion=332, topologyVersion=TopologyVersion{processId=69cfebd97eff6b6e224c6afb, counter=3}, lastWriteDate=Mon Apr 06 14:23:37 IST 2026, lastUpdateTimeNanos=15143505096666}
2026-04-06 14:23:37 [cluster-ClusterId{value='69d369f93fe2c97677c1d13e', description='MongoDBCluster'}-ac-qrgk6ht-shard-00-00.0qemy0z.mongodb.net:27017] INFO  org.mongodb.driver.cluster - Monitor thread successfully connected to server with description ServerDescription{address=ac-qrgk6ht-shard-00-00.0qemy0z.mongodb.net:27017, type=REPLICA_SET_SECONDARY, cryptd=false, state=CONNECTED, ok=true, minWireVersion=0, maxWireVersion=25, maxDocumentSize=16777216, logicalSessionTimeoutMinutes=30, roundTripTimeNanos=131636917, minRoundTripTimeNanos=0, setName='atlas-a5sk29-shard-0', canonicalAddress=ac-qrgk6ht-shard-00-00.0qemy0z.mongodb.net:27017, hosts=[ac-qrgk6ht-shard-00-02.0qemy0z.mongodb.net:27017, ac-qrgk6ht-shard-00-01.0qemy0z.mongodb.net:27017, ac-qrgk6ht-shard-00-00.0qemy0z.mongodb.net:27017], passives=[], arbiters=[], primary='ac-qrgk6ht-shard-00-02.0qemy0z.mongodb.net:27017', tagSet=TagSet{[Tag{name='availabilityZone', value='aps1-az1'}, Tag{name='diskState', value='READY'}, Tag{name='nodeType', value='ELECTABLE'}, Tag{name='provider', value='AWS'}, Tag{name='region', value='AP_SOUTH_1'}, Tag{name='workloadType', value='OPERATIONAL'}]}, electionId=null, setVersion=332, topologyVersion=TopologyVersion{processId=69cfe700576d854f21291b95, counter=4}, lastWriteDate=Mon Apr 06 14:23:37 IST 2026, lastUpdateTimeNanos=15143638690291}
2026-04-06 14:23:37 [cluster-ClusterId{value='69d369f93fe2c97677c1d13e', description='MongoDBCluster'}-ac-qrgk6ht-shard-00-02.0qemy0z.mongodb.net:27017] INFO  org.mongodb.driver.cluster - Monitor thread successfully connected to server with description ServerDescription{address=ac-qrgk6ht-shard-00-02.0qemy0z.mongodb.net:27017, type=REPLICA_SET_PRIMARY, cryptd=false, state=CONNECTED, ok=true, minWireVersion=0, maxWireVersion=25, maxDocumentSize=16777216, logicalSessionTimeoutMinutes=30, roundTripTimeNanos=142081708, minRoundTripTimeNanos=0, setName='atlas-a5sk29-shard-0', canonicalAddress=ac-qrgk6ht-shard-00-02.0qemy0z.mongodb.net:27017, hosts=[ac-qrgk6ht-shard-00-02.0qemy0z.mongodb.net:27017, ac-qrgk6ht-shard-00-01.0qemy0z.mongodb.net:27017, ac-qrgk6ht-shard-00-00.0qemy0z.mongodb.net:27017], passives=[], arbiters=[], primary='ac-qrgk6ht-shard-00-02.0qemy0z.mongodb.net:27017', tagSet=TagSet{[Tag{name='availabilityZone', value='aps1-az2'}, Tag{name='diskState', value='READY'}, Tag{name='nodeType', value='ELECTABLE'}, Tag{name='provider', value='AWS'}, Tag{name='region', value='AP_SOUTH_1'}, Tag{name='workloadType', value='OPERATIONAL'}]}, electionId=7fffffff0000000000000148, setVersion=332, topologyVersion=TopologyVersion{processId=69cfe96ce1d10d1990924d48, counter=6}, lastWriteDate=Mon Apr 06 14:23:37 IST 2026, lastUpdateTimeNanos=15143638690291}
2026-04-06 14:23:37 [cluster-ClusterId{value='69d369f93fe2c97677c1d13e', description='MongoDBCluster'}-ac-qrgk6ht-shard-00-02.0qemy0z.mongodb.net:27017] INFO  org.mongodb.driver.cluster - Discovered replica set primary ac-qrgk6ht-shard-00-02.0qemy0z.mongodb.net:27017 with max election id 7fffffff0000000000000148 and max set version 332
